Shadow LOD already present in: C:\Temp\temp\AFstr borovice horska.p3d
Shadow LOD already present in: C:\Temp\temp\AFstr borovice.p3d
Shadow LOD already present in: C:\Temp\temp\AFstr jedle.p3d
Shadow LOD already present in: C:\Temp\temp\AFstr smrk ridky.p3d
Shadow LOD already present in: C:\Temp\temp\AFstr smrk.p3d
Shadow LOD already present in: C:\Temp\temp\Akat01.p3d
Shadow LOD already present in: C:\Temp\temp\Akat02.p3d
Shadow LOD already present in: C:\Temp\temp\Akat02S.p3d
Shadow LOD already present in: C:\Temp\temp\Akat02_kvety.p3d
Shadow LOD already present in: C:\Temp\temp\Akat03.p3d
C:\Temp\temp\banana_2.p3d modified
C:\Temp\temp\banana_3.p3d modified
Shadow LOD already present in: C:\Temp\temp\DD_borovice.p3d
Shadow LOD already present in: C:\Temp\temp\DD_borovice02.p3d
Shadow LOD already present in: C:\Temp\temp\DubFX.p3d
Shadow LOD already present in: C:\Temp\temp\hrusen.p3d
Shadow LOD already present in: C:\Temp\temp\hrusen2.p3d
Shadow LOD already present in: C:\Temp\temp\jablon.p3d
Shadow LOD already present in: C:\Temp\temp\Javor01.p3d
Shadow LOD already present in: C:\Temp\temp\Javor02.p3d
Shadow LOD already present in: C:\Temp\temp\les_singlestrom.p3d
Shadow LOD already present in: C:\Temp\temp\les_singlestrom_b.p3d
Shadow LOD already present in: C:\Temp\temp\oliva.p3d
C:\Temp\temp\palm_01.p3d modified
C:\Temp\temp\palm_02.p3d modified
C:\Temp\temp\palm_03.p3d modified
C:\Temp\temp\palm_04.p3d modified
C:\Temp\temp\palm_08small.p3d modified
C:\Temp\temp\palm_09.p3d modified
C:\Temp\temp\palm_10.p3d modified
Shadow LOD already present in: C:\Temp\temp\sakura.p3d
Shadow LOD already present in: C:\Temp\temp\Smrk_maly.p3d
Shadow LOD already present in: C:\Temp\temp\Smrk_siroky.p3d
Shadow LOD already present in: C:\Temp\temp\Smrk_velky.p3d
Shadow LOD already present in: C:\Temp\temp\str borovice horska.p3d
Shadow LOD already present in: C:\Temp\temp\str borovice.p3d
Shadow LOD already present in: C:\Temp\temp\str briza.p3d
Shadow LOD already present in: C:\Temp\temp\str buk.p3d
Shadow LOD already present in: C:\Temp\temp\str buk_lesni.p3d
Shadow LOD already present in: C:\Temp\temp\str dub jiny.p3d
Shadow LOD already present in: C:\Temp\temp\str dub.p3d
Shadow LOD already present in: C:\Temp\temp\str dub_hl.p3d
Shadow LOD already present in: C:\Temp\temp\str dub_lesni.p3d
Shadow LOD already present in: C:\Temp\temp\str dub_mat.p3d
Shadow LOD already present in: C:\Temp\temp\str fikovnik_lesni.p3d
Shadow LOD already present in: C:\Temp\temp\str habr.p3d
Shadow LOD already present in: C:\Temp\temp\str jalovec.p3d
Shadow LOD already present in: C:\Temp\temp\str javor.p3d
Shadow LOD already present in: C:\Temp\temp\str jedle.p3d
Shadow LOD already present in: C:\Temp\temp\str jerabina.p3d
Shadow LOD already present in: C:\Temp\temp\str kastan.p3d
Shadow LOD already present in: C:\Temp\temp\str krovisko vysoke.p3d
Shadow LOD already present in: C:\Temp\temp\str lipa.p3d
Shadow LOD already present in: C:\Temp\temp\str osika.p3d
Shadow LOD already present in: C:\Temp\temp\str smrk dvoj.p3d
Shadow LOD already present in: C:\Temp\temp\str smrk ridky.p3d
Shadow LOD already present in: C:\Temp\temp\str smrk vysoky.p3d
Shadow LOD already present in: C:\Temp\temp\str smrk.p3d
Shadow LOD already present in: C:\Temp\temp\str smrk_medium.p3d
Shadow LOD already present in: C:\Temp\temp\str trnka.p3d
Shadow LOD already present in: C:\Temp\temp\str vrba.p3d
Shadow LOD already present in: C:\Temp\temp\str_Briza_kriva.p3d
Shadow LOD already present in: C:\Temp\temp\str_Briza_rovna.p3d
Shadow LOD already present in: C:\Temp\temp\str_fikovnik.p3d
Shadow LOD already present in: C:\Temp\temp\str_fikovnik2.p3d
Shadow LOD already present in: C:\Temp\temp\str_fikovnik_ker.p3d
Shadow LOD already present in: C:\Temp\temp\str_jablon.p3d
Shadow LOD already present in: C:\Temp\temp\str_pinie.p3d
Shadow LOD already present in: C:\Temp\temp\str_smrcicicek.p3d
Shadow LOD already present in: C:\Temp\temp\str_smrcicicek_les.p3d
Shadow LOD already present in: C:\Temp\temp\str_topol.p3d
Shadow LOD already present in: C:\Temp\temp\str_Topol2.p3d
